ISim log file
Running: /home/co-eda/Documents/ise/CPUP4V1/tb_isim_beh.exe -intstyle ise -gui -tclbatch isim.cmd -wdb /home/co-eda/Documents/ise/CPUP4V1/tb_isim_beh.wdb 
ISim P.20131013 (signature 0xfbc00daa)
This is a Full version of ISim.
Time resolution is 1 ps
# onerror resume
# wave add /
# run 1000 ns
Simulator is doing circuit initialization process.
Finished circuit initialization process.
@00003000: $ 4 <= 0000007b
@00003004: $ 5 <= 000001fb
@00003008: $ 6 <= 007b0000
@0000300c: $ 7 <= ffff0000
@00003010: $ 7 <= ffffffff
@00003014: $16 <= 007b007b
@00003018: $17 <= 0000007a
@0000301c: $18 <= fffffffe
@00003020: $ 8 <= 00000000
@00003024: *00000000 <= 0000007b
@00003028: *00000004 <= 000001fb
@0000302c: *00000008 <= 007b0000
@00003030: *0000000c <= ffffffff
@00003034: *00000010 <= 007b007b
@00003038: *00000014 <= 0000007a
@0000303c: *00000018 <= fffffffe
@00003040: $ 4 <= 0000007b
@00003044: $ 5 <= ffffffff
@00003048: *0000001c <= 0000007b
@0000304c: *00000020 <= ffffffff
@00003050: $ 4 <= 00000001
@00003054: $ 5 <= 00000002
@00003058: $ 6 <= 00000001
@00003068: *00000028 <= 00000002
ISim P.20131013 (signature 0xfbc00daa)
This is a Full version of ISim.
# run 1000 ns
Simulator is doing circuit initialization process.
Finished circuit initialization process.
@00003000: $ 4 <= 0000007b
@00003004: $ 5 <= 000001fb
@00003008: $ 6 <= 007b0000
@0000300c: $ 7 <= ffff0000
@00003010: $ 7 <= ffffffff
@00003014: $16 <= 007b007b
@00003018: $17 <= 0000007a
@0000301c: $18 <= fffffffe
@00003020: $ 8 <= 00000000
@00003024: *00000000 <= 0000007b
@00003028: *00000004 <= 000001fb
@0000302c: *00000008 <= 007b0000
@00003030: *0000000c <= ffffffff
@00003034: *00000010 <= 007b007b
@00003038: *00000014 <= 0000007a
@0000303c: *00000018 <= fffffffe
@00003040: $ 4 <= 0000007b
@00003044: $ 5 <= ffffffff
@00003048: *0000001c <= 0000007b
@0000304c: *00000020 <= ffffffff
@00003050: $ 4 <= 00000001
@00003054: $ 5 <= 00000002
@00003058: $ 6 <= 00000001
@00003068: *00000028 <= 00000002
# exit 0
